Build started 1/7/2017 3:38:47 PM.
     1>Project "F:\EPart\Facultate\An IV\ALPD\Tema\ALPDmapreduce\ALPDmapreduce\ALPDmapreduce.vcxproj" on node 2 (Build target(s)).
     1>ClCompile:
         I:\VS2012\VC\bin\x86_amd64\CL.exe /c /I"C:\Program Files (x86)\Microsoft SDKs\MPI\Include\\" /I"C:\Program Files (x86)\Microsoft SDKs\MPI\Include\\x64" /Zi /nologo /W3 /WX- /Od /D WIN32 /D _DEBUG /D _CONSOLE /D _UNICODE /D UNICODE /Gm /EHsc /RTC1 /MDd /GS /fp:precise /Zc:wchar_t /Zc:forScope /Fo"x64\Debug\\" /Fd"x64\Debug\vc110.pdb" /Gd /TP /FImpi.h /errorReport:prompt ALPDmapreduce.cpp MRFunctions.cpp Utils.cpp
         MRFunctions.cpp
         ALPDmapreduce.cpp
     1>ALPDmapreduce.cpp(73): warning C4267: 'argument' : conversion from 'size_t' to 'int', possible loss of data
     1>ALPDmapreduce.cpp(95): warning C4267: 'argument' : conversion from 'size_t' to 'int', possible loss of data
     1>ALPDmapreduce.cpp(103): warning C4267: 'argument' : conversion from 'size_t' to 'int', possible loss of data
     1>ALPDmapreduce.cpp(116): warning C4267: 'argument' : conversion from 'size_t' to 'int', possible loss of data
     1>ALPDmapreduce.cpp(124): warning C4267: 'argument' : conversion from 'size_t' to 'int', possible loss of data
     1>ALPDmapreduce.cpp(137): warning C4267: 'argument' : conversion from 'size_t' to 'int', possible loss of data
     1>ALPDmapreduce.cpp(157): warning C4267: '=' : conversion from 'size_t' to 'int', possible loss of data
     1>ALPDmapreduce.cpp(164): warning C4267: 'argument' : conversion from 'size_t' to 'int', possible loss of data
     1>ALPDmapreduce.cpp(186): warning C4267: 'argument' : conversion from 'size_t' to 'int', possible loss of data
     1>ALPDmapreduce.cpp(194): warning C4267: 'argument' : conversion from 'size_t' to 'int', possible loss of data
     1>ALPDmapreduce.cpp(207): warning C4267: 'argument' : conversion from 'size_t' to 'int', possible loss of data
     1>ALPDmapreduce.cpp(241): warning C4267: 'argument' : conversion from 'size_t' to 'int', possible loss of data
     1>ALPDmapreduce.cpp(249): warning C4267: 'argument' : conversion from 'size_t' to 'int', possible loss of data
     1>ALPDmapreduce.cpp(257): warning C4267: 'argument' : conversion from 'size_t' to 'int', possible loss of data
     1>ALPDmapreduce.cpp(265): warning C4267: 'argument' : conversion from 'size_t' to 'int', possible loss of data
     1>ALPDmapreduce.cpp(272): warning C4267: 'argument' : conversion from 'size_t' to 'int', possible loss of data
     1>ALPDmapreduce.cpp(25): warning C4101: 'j' : unreferenced local variable
         Generating Code...
         Compiling...
         Utils.cpp
     1>Utils.cpp(114): warning C4996: 'strcpy': This function or variable may be unsafe. Consider using strcpy_s instead. To disable deprecation, use _CRT_SECURE_NO_WARNINGS. See online help for details.
                 I:\VS2012\VC\include\string.h(110) : see declaration of 'strcpy'
         Generating Code...
       Link:
         I:\VS2012\VC\bin\x86_amd64\link.exe /ERRORREPORT:PROMPT /OUT:"F:\EPart\Facultate\An IV\ALPD\Tema\ALPDmapreduce\x64\Debug\ALPDmapreduce.exe" /INCREMENTAL /NOLOGO /LIBPATH:"C:\Program Files (x86)\Microsoft SDKs\MPI\Lib\x64\\" kernel32.lib user32.lib gdi32.lib winspool.lib comdlg32.lib advapi32.lib shell32.lib ole32.lib oleaut32.lib uuid.lib odbc32.lib odbccp32.lib msmpi.lib kernel32.lib user32.lib gdi32.lib winspool.lib comdlg32.lib advapi32.lib shell32.lib ole32.lib oleaut32.lib uuid.lib odbc32.lib odbccp32.lib /MANIFEST /MANIFESTUAC:"level='asInvoker' uiAccess='false'" /manifest:embed /DEBUG /PDB:"F:\EPart\Facultate\An IV\ALPD\Tema\ALPDmapreduce\x64\Debug\ALPDmapreduce.pdb" /SUBSYSTEM:CONSOLE /TLBID:1 /DYNAMICBASE /NXCOMPAT /IMPLIB:"F:\EPart\Facultate\An IV\ALPD\Tema\ALPDmapreduce\x64\Debug\ALPDmapreduce.lib" /MACHINE:X64 x64\Debug\ALPDmapreduce.obj
         x64\Debug\MRFunctions.obj
         x64\Debug\Utils.obj
         ALPDmapreduce.vcxproj -> F:\EPart\Facultate\An IV\ALPD\Tema\ALPDmapreduce\x64\Debug\ALPDmapreduce.exe
     1>Done Building Project "F:\EPart\Facultate\An IV\ALPD\Tema\ALPDmapreduce\ALPDmapreduce\ALPDmapreduce.vcxproj" (Build target(s)).

Build succeeded.

Time Elapsed 00:00:07.81
