F:\EPART\FACULTATE\AN IV\ALPD\TEMA\ALPDMAPREDUCE\ALPDMAPREDUCE\DEBUG\VC110.PDB
F:\EPART\FACULTATE\AN IV\ALPD\TEMA\ALPDMAPREDUCE\DEBUG\ALPDMAPREDUCE.ILK
F:\EPART\FACULTATE\AN IV\ALPD\TEMA\ALPDMAPREDUCE\DEBUG\ALPDMAPREDUCE.EXE
F:\EPART\FACULTATE\AN IV\ALPD\TEMA\ALPDMAPREDUCE\DEBUG\ALPDMAPREDUCE.PDB
F:\EPart\Facultate\An IV\ALPD\Tema\ALPDmapreduce\ALPDmapreduce\Debug\cl.command.1.tlog
F:\EPart\Facultate\An IV\ALPD\Tema\ALPDmapreduce\ALPDmapreduce\Debug\CL.read.1.tlog
F:\EPart\Facultate\An IV\ALPD\Tema\ALPDmapreduce\ALPDmapreduce\Debug\CL.write.1.tlog
F:\EPart\Facultate\An IV\ALPD\Tema\ALPDmapreduce\ALPDmapreduce\Debug\link-cvtres.read.1.tlog
F:\EPart\Facultate\An IV\ALPD\Tema\ALPDmapreduce\ALPDmapreduce\Debug\link-cvtres.write.1.tlog
F:\EPart\Facultate\An IV\ALPD\Tema\ALPDmapreduce\ALPDmapreduce\Debug\link-rc.read.1.tlog
F:\EPart\Facultate\An IV\ALPD\Tema\ALPDmapreduce\ALPDmapreduce\Debug\link-rc.write.1.tlog
F:\EPart\Facultate\An IV\ALPD\Tema\ALPDmapreduce\ALPDmapreduce\Debug\link.10692-cvtres.read.1.tlog
F:\EPart\Facultate\An IV\ALPD\Tema\ALPDmapreduce\ALPDmapreduce\Debug\link.10692-cvtres.write.1.tlog
F:\EPart\Facultate\An IV\ALPD\Tema\ALPDmapreduce\ALPDmapreduce\Debug\link.10692-rc.read.1.tlog
F:\EPart\Facultate\An IV\ALPD\Tema\ALPDmapreduce\ALPDmapreduce\Debug\link.10692-rc.write.1.tlog
F:\EPart\Facultate\An IV\ALPD\Tema\ALPDmapreduce\ALPDmapreduce\Debug\link.10692.read.1.tlog
F:\EPart\Facultate\An IV\ALPD\Tema\ALPDmapreduce\ALPDmapreduce\Debug\link.10692.write.1.tlog
F:\EPart\Facultate\An IV\ALPD\Tema\ALPDmapreduce\ALPDmapreduce\Debug\link.13364-cvtres.read.1.tlog
F:\EPart\Facultate\An IV\ALPD\Tema\ALPDmapreduce\ALPDmapreduce\Debug\link.13364-cvtres.write.1.tlog
F:\EPart\Facultate\An IV\ALPD\Tema\ALPDmapreduce\ALPDmapreduce\Debug\link.13364-rc.read.1.tlog
F:\EPart\Facultate\An IV\ALPD\Tema\ALPDmapreduce\ALPDmapreduce\Debug\link.13364-rc.write.1.tlog
F:\EPart\Facultate\An IV\ALPD\Tema\ALPDmapreduce\ALPDmapreduce\Debug\link.13364.read.1.tlog
F:\EPart\Facultate\An IV\ALPD\Tema\ALPDmapreduce\ALPDmapreduce\Debug\link.13364.write.1.tlog
F:\EPart\Facultate\An IV\ALPD\Tema\ALPDmapreduce\ALPDmapreduce\Debug\link.352-cvtres.read.1.tlog
F:\EPart\Facultate\An IV\ALPD\Tema\ALPDmapreduce\ALPDmapreduce\Debug\link.352-cvtres.write.1.tlog
F:\EPart\Facultate\An IV\ALPD\Tema\ALPDmapreduce\ALPDmapreduce\Debug\link.352-rc.read.1.tlog
F:\EPart\Facultate\An IV\ALPD\Tema\ALPDmapreduce\ALPDmapreduce\Debug\link.352-rc.write.1.tlog
F:\EPart\Facultate\An IV\ALPD\Tema\ALPDmapreduce\ALPDmapreduce\Debug\link.352.read.1.tlog
F:\EPart\Facultate\An IV\ALPD\Tema\ALPDmapreduce\ALPDmapreduce\Debug\link.352.write.1.tlog
F:\EPart\Facultate\An IV\ALPD\Tema\ALPDmapreduce\ALPDmapreduce\Debug\link.command.1.tlog
F:\EPart\Facultate\An IV\ALPD\Tema\ALPDmapreduce\ALPDmapreduce\Debug\link.read.1.tlog
F:\EPart\Facultate\An IV\ALPD\Tema\ALPDmapreduce\ALPDmapreduce\Debug\link.write.1.tlog
F:\EPart\Facultate\An IV\ALPD\Tema\ALPDmapreduce\ALPDmapreduce\Debug\vc110.idb
F:\EPart\Facultate\An IV\ALPD\Tema\ALPDmapreduce\ALPDmapreduce\Debug\vc110.pdb
F:\EPart\Facultate\An IV\ALPD\Tema\ALPDmapreduce\Debug\ALPDmapreduce.pdb
F:\EPart\Facultate\An IV\ALPD\Tema\ALPDmapreduce\Debug\ALPDmapreduce.exe
F:\EPart\Facultate\An IV\ALPD\Tema\ALPDmapreduce\Debug\ALPDmapreduce.ilk
